TextLabel.obj : error LNK2001: unresolved external symbol __imp___glewActiveTexture
Victory.obj : error LNK2001: unresolved external symbol __imp___glewActiveTexture
2DShape.obj : error LNK2001: unresolved external symbol __imp___glewActiveTexture
Help.obj : error LNK2001: unresolved external symbol __imp___glewActiveTexture
Menu.obj : error LNK2001: unresolved external symbol __imp___glewActiveTexture
Selector.obj : error LNK2001: unresolved external symbol __imp___glewActiveTexture
TextLabel.obj : error LNK2001: unresolved external symbol __imp___glewBindBuffer
Victory.obj : error LNK2001: unresolved external symbol __imp___glewBindBuffer
2DShape.obj : error LNK2001: unresolved external symbol __imp___glewBindBuffer
Help.obj : error LNK2001: unresolved external symbol __imp___glewBindBuffer
Menu.obj : error LNK2001: unresolved external symbol __imp___glewBindBuffer
Selector.obj : error LNK2001: unresolved external symbol __imp___glewBindBuffer
TextLabel.obj : error LNK2001: unresolved external symbol __imp___glewBufferData
Victory.obj : error LNK2001: unresolved external symbol __imp___glewBufferData
2DShape.obj : error LNK2001: unresolved external symbol __imp___glewBufferData
Help.obj : error LNK2001: unresolved external symbol __imp___glewBufferData
Menu.obj : error LNK2001: unresolved external symbol __imp___glewBufferData
Selector.obj : error LNK2001: unresolved external symbol __imp___glewBufferData
TextLabel.obj : error LNK2001: unresolved external symbol __imp___glewGenBuffers
Victory.obj : error LNK2001: unresolved external symbol __imp___glewGenBuffers
2DShape.obj : error LNK2001: unresolved external symbol __imp___glewGenBuffers
Help.obj : error LNK2001: unresolved external symbol __imp___glewGenBuffers
Menu.obj : error LNK2001: unresolved external symbol __imp___glewGenBuffers
Selector.obj : error LNK2001: unresolved external symbol __imp___glewGenBuffers
TextLabel.obj : error LNK2001: unresolved external symbol __imp___glewEnableVertexAttribArray
Victory.obj : error LNK2001: unresolved external symbol __imp___glewEnableVertexAttribArray
2DShape.obj : error LNK2001: unresolved external symbol __imp___glewEnableVertexAttribArray
Help.obj : error LNK2001: unresolved external symbol __imp___glewEnableVertexAttribArray
Menu.obj : error LNK2001: unresolved external symbol __imp___glewEnableVertexAttribArray
Selector.obj : error LNK2001: unresolved external symbol __imp___glewEnableVertexAttribArray
TextLabel.obj : error LNK2001: unresolved external symbol __imp___glewGetUniformLocation
Victory.obj : error LNK2001: unresolved external symbol __imp___glewGetUniformLocation
2DShape.obj : error LNK2001: unresolved external symbol __imp___glewGetUniformLocation
Help.obj : error LNK2001: unresolved external symbol __imp___glewGetUniformLocation
Menu.obj : error LNK2001: unresolved external symbol __imp___glewGetUniformLocation
Selector.obj : error LNK2001: unresolved external symbol __imp___glewGetUniformLocation
TextLabel.obj : error LNK2001: unresolved external symbol __imp___glewUniform1i
Victory.obj : error LNK2001: unresolved external symbol __imp___glewUniform1i
2DShape.obj : error LNK2001: unresolved external symbol __imp___glewUniform1i
Help.obj : error LNK2001: unresolved external symbol __imp___glewUniform1i
Menu.obj : error LNK2001: unresolved external symbol __imp___glewUniform1i
Selector.obj : error LNK2001: unresolved external symbol __imp___glewUniform1i
2DShape.obj : error LNK2001: unresolved external symbol __imp___glewUniform4fv
2DShape.obj : error LNK2001: unresolved external symbol __imp___glewUniformMatrix4fv
Selector.obj : error LNK2001: unresolved external symbol __imp___glewUniformMatrix4fv
TextLabel.obj : error LNK2001: unresolved external symbol __imp___glewUniformMatrix4fv
Selector.obj : error LNK2001: unresolved external symbol __imp___glewUseProgram
TextLabel.obj : error LNK2001: unresolved external symbol __imp___glewUseProgram
Victory.obj : error LNK2001: unresolved external symbol __imp___glewUseProgram
2DShape.obj : error LNK2001: unresolved external symbol __imp___glewUseProgram
Help.obj : error LNK2001: unresolved external symbol __imp___glewUseProgram
Main.obj : error LNK2001: unresolved external symbol __imp___glewUseProgram
Menu.obj : error LNK2001: unresolved external symbol __imp___glewUseProgram
TextLabel.obj : error LNK2001: unresolved external symbol __imp___glewVertexAttribPointer
Victory.obj : error LNK2001: unresolved external symbol __imp___glewVertexAttribPointer
2DShape.obj : error LNK2001: unresolved external symbol __imp___glewVertexAttribPointer
Help.obj : error LNK2001: unresolved external symbol __imp___glewVertexAttribPointer
Menu.obj : error LNK2001: unresolved external symbol __imp___glewVertexAttribPointer
Selector.obj : error LNK2001: unresolved external symbol __imp___glewVertexAttribPointer
Selector.obj : error LNK2001: unresolved external symbol __imp___glewBindVertexArray
TextLabel.obj : error LNK2001: unresolved external symbol __imp___glewBindVertexArray
Victory.obj : error LNK2001: unresolved external symbol __imp___glewBindVertexArray
2DShape.obj : error LNK2001: unresolved external symbol __imp___glewBindVertexArray
Help.obj : error LNK2001: unresolved external symbol __imp___glewBindVertexArray
Main.obj : error LNK2001: unresolved external symbol __imp___glewBindVertexArray
Menu.obj : error LNK2001: unresolved external symbol __imp___glewBindVertexArray
TextLabel.obj : error LNK2001: unresolved external symbol __imp___glewGenVertexArrays
Victory.obj : error LNK2001: unresolved external symbol __imp___glewGenVertexArrays
2DShape.obj : error LNK2001: unresolved external symbol __imp___glewGenVertexArrays
Help.obj : error LNK2001: unresolved external symbol __imp___glewGenVertexArrays
Menu.obj : error LNK2001: unresolved external symbol __imp___glewGenVertexArrays
Selector.obj : error LNK2001: unresolved external symbol __imp___glewGenVertexArrays
Audio.obj : error LNK2019: unresolved external symbol FMOD_System_Create referenced in function "enum FMOD_RESULT __cdecl FMOD::System_Create(class FMOD::System * *)" (?System_Create@FMOD@@YA?AW4FMOD_RESULT@@PEAPEAVSystem@1@@Z)
Audio.obj : error LNK2019: unresolved external symbol "public: enum FMOD_RESULT __cdecl FMOD::System::release(void)" (?release@System@FMOD@@QEAA?AW4FMOD_RESULT@@XZ) referenced in function "public: __cdecl CAudio::~CAudio(void)" (??1CAudio@@QEAA@XZ)
Audio.obj : error LNK2019: unresolved external symbol "public: enum FMOD_RESULT __cdecl FMOD::System::init(int,unsigned int,void *)" (?init@System@FMOD@@QEAA?AW4FMOD_RESULT@@HIPEAX@Z) referenced in function "public: bool __cdecl CAudio::initalise(void)" (?initalise@CAudio@@QEAA_NXZ)
Audio.obj : error LNK2019: unresolved external symbol "public: enum FMOD_RESULT __cdecl FMOD::System::createSound(char const *,unsigned int,struct FMOD_CREATESOUNDEXINFO *,class FMOD::Sound * *)" (?createSound@System@FMOD@@QEAA?AW4FMOD_RESULT@@PEBDIPEAUFMOD_CREATESOUNDEXINFO@@PEAPEAVSound@2@@Z) referenced in function "public: bool __cdecl CAudio::loadSound(class std::basic_string<char,struct std::char_traits<char>,class std::allocator<char> >,class std::basic_string<char,struct std::char_traits<char>,class std::allocator<char> >,bool)" (?loadSound@CAudio@@QEAA_NV?$basic_string@DU?$char_traits@D@std@@V?$allocator@D@2@@std@@0_N@Z)
Audio.obj : error LNK2019: unresolved external symbol "public: enum FMOD_RESULT __cdecl FMOD::System::playSound(class FMOD::Sound *,class FMOD::ChannelGroup *,bool,class FMOD::Channel * *)" (?playSound@System@FMOD@@QEAA?AW4FMOD_RESULT@@PEAVSound@2@PEAVChannelGroup@2@_NPEAPEAVChannel@2@@Z) referenced in function "public: bool __cdecl CAudio::playSound(class std::basic_string<char,struct std::char_traits<char>,class std::allocator<char> >,float)" (?playSound@CAudio@@QEAA_NV?$basic_string@DU?$char_traits@D@std@@V?$allocator@D@2@@std@@M@Z)
Audio.obj : error LNK2019: unresolved external symbol "public: enum FMOD_RESULT __cdecl FMOD::Sound::release(void)" (?release@Sound@FMOD@@QEAA?AW4FMOD_RESULT@@XZ) referenced in function "public: __cdecl CAudio::~CAudio(void)" (??1CAudio@@QEAA@XZ)
Audio.obj : error LNK2019: unresolved external symbol "public: enum FMOD_RESULT __cdecl FMOD::ChannelControl::setVolume(float)" (?setVolume@ChannelControl@FMOD@@QEAA?AW4FMOD_RESULT@@M@Z) referenced in function "public: bool __cdecl CAudio::playSound(class std::basic_string<char,struct std::char_traits<char>,class std::allocator<char> >,float)" (?playSound@CAudio@@QEAA_NV?$basic_string@DU?$char_traits@D@std@@V?$allocator@D@2@@std@@M@Z)
Victory.obj : error LNK2019: unresolved external symbol SOIL_load_image referenced in function "public: __cdecl EMenu::EMenu(void)" (??0EMenu@@QEAA@XZ)
Help.obj : error LNK2001: unresolved external symbol SOIL_load_image
Menu.obj : error LNK2001: unresolved external symbol SOIL_load_image
Selector.obj : error LNK2001: unresolved external symbol SOIL_load_image
Texture.obj : error LNK2001: unresolved external symbol SOIL_load_image
Victory.obj : error LNK2001: unresolved external symbol SOIL_free_image_data
Help.obj : error LNK2001: unresolved external symbol SOIL_free_image_data
Menu.obj : error LNK2001: unresolved external symbol SOIL_free_image_data
Selector.obj : error LNK2001: unresolved external symbol SOIL_free_image_data
Texture.obj : error LNK2001: unresolved external symbol SOIL_free_image_data
Victory.obj : error LNK2001: unresolved external symbol __imp___glewGenerateMipmap
Help.obj : error LNK2001: unresolved external symbol __imp___glewGenerateMipmap
Menu.obj : error LNK2001: unresolved external symbol __imp___glewGenerateMipmap
Selector.obj : error LNK2001: unresolved external symbol __imp___glewGenerateMipmap
Texture.obj : error LNK2001: unresolved external symbol __imp___glewGenerateMipmap
Input.obj : error LNK2019: unresolved external symbol glfwGetGamepadState referenced in function "public: struct GLFWgamepadstate __cdecl CInput::getJoystickInput(int)" (?getJoystickInput@CInput@@QEAA?AUGLFWgamepadstate@@H@Z)
Main.obj : error LNK2019: unresolved external symbol __imp_glewInit referenced in function main
Main.obj : error LNK2019: unresolved external symbol glfwInit referenced in function main
Main.obj : error LNK2019: unresolved external symbol glfwTerminate referenced in function main
Main.obj : error LNK2019: unresolved external symbol glfwSetErrorCallback referenced in function main
Main.obj : error LNK2019: unresolved external symbol glfwWindowHint referenced in function main
Main.obj : error LNK2019: unresolved external symbol glfwCreateWindow referenced in function main
Main.obj : error LNK2019: unresolved external symbol glfwDestroyWindow referenced in function main
Main.obj : error LNK2019: unresolved external symbol glfwWindowShouldClose referenced in function main
Main.obj : error LNK2019: unresolved external symbol glfwSetWindowShouldClose referenced in function "void __cdecl key_callback(struct GLFWwindow *,int,int,int,int)" (?key_callback@@YAXPEAUGLFWwindow@@HHHH@Z)
Main.obj : error LNK2019: unresolved external symbol glfwPollEvents referenced in function main
Main.obj : error LNK2019: unresolved external symbol glfwSetKeyCallback referenced in function main
Main.obj : error LNK2019: unresolved external symbol glfwSetMouseButtonCallback referenced in function main
Main.obj : error LNK2019: unresolved external symbol glfwSetCursorPosCallback referenced in function main
Main.obj : error LNK2019: unresolved external symbol glfwMakeContextCurrent referenced in function main
Main.obj : error LNK2019: unresolved external symbol glfwSwapBuffers referenced in function "void __cdecl Render(void)" (?Render@@YAXXZ)
Main.obj : error LNK2019: unresolved external symbol glfwSwapInterval referenced in function main
Player.obj : error LNK2019: unresolved external symbol glfwJoystickIsGamepad referenced in function "public: bool __cdecl CInput::isJoystickValid(int)" (?isJoystickValid@CInput@@QEAA_NH@Z)
ShaderLoader.obj : error LNK2001: unresolved external symbol __imp___glewAttachShader
ShaderLoader.obj : error LNK2001: unresolved external symbol __imp___glewCompileShader
ShaderLoader.obj : error LNK2001: unresolved external symbol __imp___glewCreateProgram
ShaderLoader.obj : error LNK2001: unresolved external symbol __imp___glewCreateShader
ShaderLoader.obj : error LNK2001: unresolved external symbol __imp___glewGetProgramInfoLog
ShaderLoader.obj : error LNK2001: unresolved external symbol __imp___glewGetProgramiv
ShaderLoader.obj : error LNK2001: unresolved external symbol __imp___glewGetShaderInfoLog
ShaderLoader.obj : error LNK2001: unresolved external symbol __imp___glewGetShaderiv
ShaderLoader.obj : error LNK2001: unresolved external symbol __imp___glewLinkProgram
ShaderLoader.obj : error LNK2001: unresolved external symbol __imp___glewShaderSource
TextLabel.obj : error LNK2019: unresolved external symbol __imp_FT_Init_FreeType referenced in function "public: __cdecl TextLabel::TextLabel(class std::basic_string<char,struct std::char_traits<char>,class std::allocator<char> >,class std::basic_string<char,struct std::char_traits<char>,class std::allocator<char> >,struct glm::tvec2<float,0>,struct glm::tvec3<float,0>,float)" (??0TextLabel@@QEAA@V?$basic_string@DU?$char_traits@D@std@@V?$allocator@D@2@@std@@0U?$tvec2@M$0A@@glm@@U?$tvec3@M$0A@@4@M@Z)
TextLabel.obj : error LNK2019: unresolved external symbol __imp_FT_Done_FreeType referenced in function "public: __cdecl TextLabel::TextLabel(class std::basic_string<char,struct std::char_traits<char>,class std::allocator<char> >,class std::basic_string<char,struct std::char_traits<char>,class std::allocator<char> >,struct glm::tvec2<float,0>,struct glm::tvec3<float,0>,float)" (??0TextLabel@@QEAA@V?$basic_string@DU?$char_traits@D@std@@V?$allocator@D@2@@std@@0U?$tvec2@M$0A@@glm@@U?$tvec3@M$0A@@4@M@Z)
TextLabel.obj : error LNK2019: unresolved external symbol __imp_FT_New_Face referenced in function "public: __cdecl TextLabel::TextLabel(class std::basic_string<char,struct std::char_traits<char>,class std::allocator<char> >,class std::basic_string<char,struct std::char_traits<char>,class std::allocator<char> >,struct glm::tvec2<float,0>,struct glm::tvec3<float,0>,float)" (??0TextLabel@@QEAA@V?$basic_string@DU?$char_traits@D@std@@V?$allocator@D@2@@std@@0U?$tvec2@M$0A@@glm@@U?$tvec3@M$0A@@4@M@Z)
TextLabel.obj : error LNK2019: unresolved external symbol __imp_FT_Done_Face referenced in function "public: __cdecl TextLabel::TextLabel(class std::basic_string<char,struct std::char_traits<char>,class std::allocator<char> >,class std::basic_string<char,struct std::char_traits<char>,class std::allocator<char> >,struct glm::tvec2<float,0>,struct glm::tvec3<float,0>,float)" (??0TextLabel@@QEAA@V?$basic_string@DU?$char_traits@D@std@@V?$allocator@D@2@@std@@0U?$tvec2@M$0A@@glm@@U?$tvec3@M$0A@@4@M@Z)
TextLabel.obj : error LNK2019: unresolved external symbol __imp_FT_Set_Pixel_Sizes referenced in function "public: __cdecl TextLabel::TextLabel(class std::basic_string<char,struct std::char_traits<char>,class std::allocator<char> >,class std::basic_string<char,struct std::char_traits<char>,class std::allocator<char> >,struct glm::tvec2<float,0>,struct glm::tvec3<float,0>,float)" (??0TextLabel@@QEAA@V?$basic_string@DU?$char_traits@D@std@@V?$allocator@D@2@@std@@0U?$tvec2@M$0A@@glm@@U?$tvec3@M$0A@@4@M@Z)
TextLabel.obj : error LNK2019: unresolved external symbol __imp_FT_Load_Char referenced in function "public: __cdecl TextLabel::TextLabel(class std::basic_string<char,struct std::char_traits<char>,class std::allocator<char> >,class std::basic_string<char,struct std::char_traits<char>,class std::allocator<char> >,struct glm::tvec2<float,0>,struct glm::tvec3<float,0>,float)" (??0TextLabel@@QEAA@V?$basic_string@DU?$char_traits@D@std@@V?$allocator@D@2@@std@@0U?$tvec2@M$0A@@glm@@U?$tvec3@M$0A@@4@M@Z)
TextLabel.obj : error LNK2001: unresolved external symbol __imp___glewBufferSubData
TextLabel.obj : error LNK2001: unresolved external symbol __imp___glewUniform3f
D:\Users\Corey.Fre7626\Documents\GitHub\Spear-Game\SpearGame-Debug\Graphics Proj\\Dependencies\freeglut\freeglut.lib : warning LNK4272: library machine type 'x86' conflicts with target machine type 'x64'
D:\Users\Corey.Fre7626\Documents\GitHub\Spear-Game\SpearGame-Debug\Graphics Proj\\Dependencies\freetype\freetype.lib : warning LNK4272: library machine type 'x86' conflicts with target machine type 'x64'
D:\Users\Corey.Fre7626\Documents\GitHub\Spear-Game\SpearGame-Debug\Graphics Proj\\Dependencies\fmod\fmod_vc.lib : warning LNK4272: library machine type 'x86' conflicts with target machine type 'x64'
D:\Users\Corey.Fre7626\Documents\GitHub\Spear-Game\SpearGame-Debug\Graphics Proj\\Dependencies\fmod\fmodL_vc.lib : warning LNK4272: library machine type 'x86' conflicts with target machine type 'x64'
D:\Users\Corey.Fre7626\Documents\GitHub\Spear-Game\SpearGame-Debug\Graphics Proj\\Dependencies\glew\glew32.lib : warning LNK4272: library machine type 'x86' conflicts with target machine type 'x64'
D:\Users\Corey.Fre7626\Documents\GitHub\Spear-Game\SpearGame-Debug\Graphics Proj\\Dependencies\soil\SOIL.lib : warning LNK4272: library machine type 'x86' conflicts with target machine type 'x64'
D:\Users\Corey.Fre7626\Documents\GitHub\Spear-Game\SpearGame-Debug\Graphics Proj\\Dependencies\freeglut\freeglutd.lib : warning LNK4272: library machine type 'x86' conflicts with target machine type 'x64'
D:\Users\Corey.Fre7626\Documents\GitHub\Spear-Game\SpearGame-Debug\x64\Debug\2D Framework.exe : fatal error LNK1120: 59 unresolved externals
